<?xml version="1.0" encoding="UTF-8"?>
<!-- Generated by org.testng.reporters.JUnitReportReporter -->
<testsuite hostname="dilu" name="org.ds.stack.StackTest" tests="1" failures="0" timestamp="17 Sep 2016 06:33:49 GMT" time="0.055" errors="0">
  <testcase name="push" time="0.055" classname="org.ds.stack.StackTest"/>
</testsuite> <!-- org.ds.stack.StackTest -->
